<?xml version="1.0" encoding="UTF-8"?>
<!-- Generated by org.testng.reporters.JUnitXMLReporter -->
<testsuite hostname="mnavsupe-t450" ignored="0" name="Default test" tests="3" failures="0" timestamp="2020-05-20T18:56:39 IST" time="123.047" errors="0">
  <testcase name="verifyHomePageTitle" time="0.164" classname="com.crm.qa.testcases.HomePageTest"/>
  <testcase name="verifyHomePageUserNameTest" time="0.275" classname="com.crm.qa.testcases.HomePageTest"/>
  <testcase name="verifyContactsLinkTest" time="2.861" classname="com.crm.qa.testcases.HomePageTest"/>
</testsuite> <!-- Default test -->
