<?xml version="1.0" encoding="UTF-8"?>
<testng-results skipped="0" failed="0" ignored="0" total="3" passed="3">
  <reporter-output>
  </reporter-output>
  <suite name="Default suite" duration-ms="123047" started-at="2020-05-20T18:54:36 IST" finished-at="2020-05-20T18:56:39 IST">
    <groups>
    </groups>
    <test name="Default test" duration-ms="123047" started-at="2020-05-20T18:54:36 IST" finished-at="2020-05-20T18:56:39 IST">
      <class name="com.crm.qa.testcases.HomePageTest">
        <test-method status="PASS" signature="setup()[pri:0, instance:com.crm.qa.testcases.HomePageTest@57855c9a]" name="setup" is-config="true" duration-ms="40475" started-at="2020-05-20T18:54:36 IST" finished-at="2020-05-20T18:55:16 IST">
          <reporter-output>
          </reporter-output>
        </test-method> <!-- setup -->
        <test-method status="PASS" signature="verifyHomePageTitle()[pri:1, instance:com.crm.qa.testcases.HomePageTest@57855c9a]" name="verifyHomePageTitle" duration-ms="164" started-at="2020-05-20T18:55:16 IST" finished-at="2020-05-20T18:55:16 IST">
          <reporter-output>
          </reporter-output>
        </test-method> <!-- verifyHomePageTitle -->
        <test-method status="PASS" signature="tearDown()[pri:0, instance:com.crm.qa.testcases.HomePageTest@57855c9a]" name="tearDown" is-config="true" duration-ms="4111" started-at="2020-05-20T18:55:16 IST" finished-at="2020-05-20T18:55:20 IST">
          <reporter-output>
          </reporter-output>
        </test-method> <!-- tearDown -->
        <test-method status="PASS" signature="setup()[pri:0, instance:com.crm.qa.testcases.HomePageTest@57855c9a]" name="setup" is-config="true" duration-ms="30077" started-at="2020-05-20T18:55:20 IST" finished-at="2020-05-20T18:55:51 IST">
          <reporter-output>
          </reporter-output>
        </test-method> <!-- setup -->
        <test-method status="PASS" signature="verifyHomePageUserNameTest()[pri:2, instance:com.crm.qa.testcases.HomePageTest@57855c9a]" name="verifyHomePageUserNameTest" duration-ms="275" started-at="2020-05-20T18:55:51 IST" finished-at="2020-05-20T18:55:51 IST">
          <reporter-output>
          </reporter-output>
        </test-method> <!-- verifyHomePageUserNameTest -->
        <test-method status="PASS" signature="tearDown()[pri:0, instance:com.crm.qa.testcases.HomePageTest@57855c9a]" name="tearDown" is-config="true" duration-ms="1574" started-at="2020-05-20T18:55:51 IST" finished-at="2020-05-20T18:55:52 IST">
          <reporter-output>
          </reporter-output>
        </test-method> <!-- tearDown -->
        <test-method status="PASS" signature="setup()[pri:0, instance:com.crm.qa.testcases.HomePageTest@57855c9a]" name="setup" is-config="true" duration-ms="40824" started-at="2020-05-20T18:55:52 IST" finished-at="2020-05-20T18:56:33 IST">
          <reporter-output>
          </reporter-output>
        </test-method> <!-- setup -->
        <test-method status="PASS" signature="verifyContactsLinkTest()[pri:3, instance:com.crm.qa.testcases.HomePageTest@57855c9a]" name="verifyContactsLinkTest" duration-ms="2861" started-at="2020-05-20T18:56:33 IST" finished-at="2020-05-20T18:56:36 IST">
          <reporter-output>
          </reporter-output>
        </test-method> <!-- verifyContactsLinkTest -->
        <test-method status="PASS" signature="tearDown()[pri:0, instance:com.crm.qa.testcases.HomePageTest@57855c9a]" name="tearDown" is-config="true" duration-ms="2511" started-at="2020-05-20T18:56:36 IST" finished-at="2020-05-20T18:56:39 IST">
          <reporter-output>
          </reporter-output>
        </test-method> <!-- tearDown -->
      </class> <!-- com.crm.qa.testcases.HomePageTest -->
    </test> <!-- Default test -->
  </suite> <!-- Default suite -->
</testng-results>
