<?xml version="1.0" encoding="UTF-8"?>
<!-- Generated by org.testng.reporters.JUnitXMLReporter -->
<testsuite hostname="mnavsupe-t450" ignored="0" name="Free CRM app Test" tests="6" failures="0" timestamp="2020-05-20T08:30:43 IST" time="249.739" errors="0">
  <testcase name="loginPageTitleTest" time="0.185" classname="com.crm.qa.testcases.LoginPageTest"/>
  <testcase name="crmlogoTest" time="0.209" classname="com.crm.qa.testcases.LoginPageTest"/>
  <testcase name="loginTest" time="11.251" classname="com.crm.qa.testcases.LoginPageTest"/>
  <testcase name="verifyHomePageTitle" time="0.061" classname="com.crm.qa.testcases.HomePageTest"/>
  <testcase name="verifyHomePageUserNameTest" time="0.262" classname="com.crm.qa.testcases.HomePageTest"/>
  <testcase name="verifyContactsLinkTest" time="4.493" classname="com.crm.qa.testcases.HomePageTest"/>
</testsuite> <!-- Free CRM app Test -->
